0 info it worked if it ends with ok
1 verbose cli [ '/usr/bin/nodejs',
1 verbose cli   '/usr/bin/npm',
1 verbose cli   'install',
1 verbose cli   '--global',
1 verbose cli   'gulp-cli' ]
2 info using npm@2.15.9
3 info using node@v4.6.1
4 verbose install initial load of /usr/lib/package.json
5 verbose readDependencies loading dependencies from /usr/lib/package.json
6 silly cache add args [ 'gulp-cli', null ]
7 verbose cache add spec gulp-cli
8 silly cache add parsed spec Result {
8 silly cache add   raw: 'gulp-cli',
8 silly cache add   scope: null,
8 silly cache add   name: 'gulp-cli',
8 silly cache add   rawSpec: '',
8 silly cache add   spec: 'latest',
8 silly cache add   type: 'tag' }
9 silly addNamed gulp-cli@latest
10 verbose addNamed "latest" is being treated as a dist-tag for gulp-cli
11 info addNameTag [ 'gulp-cli', 'latest' ]
12 silly mapToRegistry name gulp-cli
13 silly mapToRegistry using default registry
14 silly mapToRegistry registry https://registry.npmjs.org/
15 silly mapToRegistry data Result {
15 silly mapToRegistry   raw: 'gulp-cli',
15 silly mapToRegistry   scope: null,
15 silly mapToRegistry   name: 'gulp-cli',
15 silly mapToRegistry   rawSpec: '',
15 silly mapToRegistry   spec: 'latest',
15 silly mapToRegistry   type: 'tag' }
16 silly mapToRegistry uri https://registry.npmjs.org/gulp-cli
17 verbose addNameTag registry:https://registry.npmjs.org/gulp-cli not in flight; fetching
18 verbose request uri https://registry.npmjs.org/gulp-cli
19 verbose request no auth needed
20 info attempt registry request try #1 at 09:51:19
21 verbose request id 9a6b86c3a8e84967
22 verbose etag W/"58597a91-787d"
23 verbose lastModified Tue, 20 Dec 2016 18:38:09 GMT
24 http request GET https://registry.npmjs.org/gulp-cli
25 http 304 https://registry.npmjs.org/gulp-cli
26 verbose headers { date: 'Wed, 18 Jan 2017 08:51:19 GMT',
26 verbose headers   via: '1.1 varnish',
26 verbose headers   'cache-control': 'max-age=300',
26 verbose headers   etag: 'W/"58597a91-787d"',
26 verbose headers   age: '96',
26 verbose headers   connection: 'keep-alive',
26 verbose headers   'x-served-by': 'cache-hhn1537-HHN',
26 verbose headers   'x-cache': 'HIT',
26 verbose headers   'x-cache-hits': '1',
26 verbose headers   'x-timer': 'S1484729479.911374,VS0,VE0',
26 verbose headers   vary: 'Accept-Encoding' }
27 silly get cb [ 304,
27 silly get   { date: 'Wed, 18 Jan 2017 08:51:19 GMT',
27 silly get     via: '1.1 varnish',
27 silly get     'cache-control': 'max-age=300',
27 silly get     etag: 'W/"58597a91-787d"',
27 silly get     age: '96',
27 silly get     connection: 'keep-alive',
27 silly get     'x-served-by': 'cache-hhn1537-HHN',
27 silly get     'x-cache': 'HIT',
27 silly get     'x-cache-hits': '1',
27 silly get     'x-timer': 'S1484729479.911374,VS0,VE0',
27 silly get     vary: 'Accept-Encoding' } ]
28 verbose etag https://registry.npmjs.org/gulp-cli from cache
29 verbose get saving gulp-cli to /iut/users/feger/.npm/registry.npmjs.org/gulp-cli/.cache.json
30 verbose correctMkdir /iut/users/feger/.npm correctMkdir not in flight; initializing
31 silly addNameTag next cb for gulp-cli with tag latest
32 silly addNamed gulp-cli@1.2.2
33 verbose addNamed "1.2.2" is a plain semver version for gulp-cli
34 silly cache afterAdd gulp-cli@1.2.2
35 verbose afterAdd /iut/users/feger/.npm/gulp-cli/1.2.2/package/package.json not in flight; writing
36 verbose correctMkdir /iut/users/feger/.npm correctMkdir not in flight; initializing
37 verbose afterAdd /iut/users/feger/.npm/gulp-cli/1.2.2/package/package.json written
38 silly install resolved [ { name: 'gulp-cli',
38 silly install resolved     version: '1.2.2',
38 silly install resolved     description: 'Command line interface for gulp',
38 silly install resolved     author:
38 silly install resolved      { name: 'Gulp Team',
38 silly install resolved        email: 'team@gulpjs.com',
38 silly install resolved        url: 'http://gulpjs.com/' },
38 silly install resolved     contributors: [],
38 silly install resolved     homepage: 'http://gulpjs.com',
38 silly install resolved     repository:
38 silly install resolved      { type: 'git',
38 silly install resolved        url: 'git+https://github.com/gulpjs/gulp-cli.git' },
38 silly install resolved     license: 'MIT',
38 silly install resolved     man: [ 'gulp.1' ],
38 silly install resolved     engines: { node: '>= 0.10' },
38 silly install resolved     main: 'index.js',
38 silly install resolved     bin: { gulp: 'bin/gulp.js' },
38 silly install resolved     files: [ 'index.js', 'lib', 'bin', 'completion', 'gulp.1' ],
38 silly install resolved     scripts:
38 silly install resolved      { coveralls: 'lab -r lcov | coveralls',
38 silly install resolved        lint: 'eslint . && jscs index.js bin/ lib/ test/',
38 silly install resolved        prepublish: 'marked-man --name gulp docs/CLI.md > gulp.1',
38 silly install resolved        pretest: 'npm run lint',
38 silly install resolved        test: 'lab test/*.js -cv -I Reflect',
38 silly install resolved        changelog: 'github-changes -o gulpjs -r gulp-cli -b master -f ./CHANGELOG.md --order-semver --use-commit-body' },
38 silly install resolved     dependencies:
38 silly install resolved      { archy: '^1.0.0',
38 silly install resolved        chalk: '^1.1.0',
38 silly install resolved        'fancy-log': '^1.1.0',
38 silly install resolved        gulplog: '^1.0.0',
38 silly install resolved        interpret: '^1.0.0',
38 silly install resolved        liftoff: '^2.1.0',
38 silly install resolved        'lodash.isfunction': '^3.0.8',
38 silly install resolved        'lodash.isplainobject': '^4.0.4',
38 silly install resolved        'lodash.isstring': '^4.0.1',
38 silly install resolved        'lodash.sortby': '^4.5.0',
38 silly install resolved        matchdep: '^1.0.0',
38 silly install resolved        'mute-stdout': '^1.0.0',
38 silly install resolved        'pretty-hrtime': '^1.0.0',
38 silly install resolved        'semver-greatest-satisfied-range': '^1.0.0',
38 silly install resolved        tildify: '^1.0.0',
38 silly install resolved        v8flags: '^2.0.9',
38 silly install resolved        wreck: '^6.3.0',
38 silly install resolved        yargs: '^3.28.0' },
38 silly install resolved     devDependencies:
38 silly install resolved      { 'babel-preset-es2015': '^6.5.0',
38 silly install resolved        'babel-register': '^6.5.1',
38 silly install resolved        code: '^1.2.1',
38 silly install resolved        coveralls: '^2.7.0',
38 silly install resolved        eslint: '^1.7.3',
38 silly install resolved        'eslint-config-gulp': '^2.0.0',
38 silly install resolved        'fs-extra': '^0.26.1',
38 silly install resolved        'github-changes': '^1.0.1',
38 silly install resolved        gulp: 'github:gulpjs/gulp#4.0',
38 silly install resolved        jscs: '^2.3.5',
38 silly install resolved        'jscs-preset-gulp': '^1.0.0',
38 silly install resolved        lab: '^6.2.0',
38 silly install resolved        'marked-man': '^0.1.3' },
38 silly install resolved     keywords: [ 'build', 'stream', 'system', 'make', 'tool', 'asset', 'pipeline' ],
38 silly install resolved     gitHead: '51b301a043bd5617465fbb73ced86bf2c35a1924',
38 silly install resolved     bugs: { url: 'https://github.com/gulpjs/gulp-cli/issues' },
38 silly install resolved     _id: 'gulp-cli@1.2.2',
38 silly install resolved     _shasum: '7392def6316c6e7939a4f296f3f540151ae3a275',
38 silly install resolved     _from: 'gulp-cli@latest',
38 silly install resolved     _npmVersion: '2.15.2',
38 silly install resolved     _nodeVersion: '0.10.41',
38 silly install resolved     _npmUser: { name: 'phated', email: 'blaine.bublitz@gmail.com' },
38 silly install resolved     maintainers: [ [Object], [Object], [Object] ],
38 silly install resolved     dist:
38 silly install resolved      { shasum: '7392def6316c6e7939a4f296f3f540151ae3a275',
38 silly install resolved        tarball: 'https://registry.npmjs.org/gulp-cli/-/gulp-cli-1.2.2.tgz' },
38 silly install resolved     _npmOperationalInternal:
38 silly install resolved      { host: 'packages-16-east.internal.npmjs.com',
38 silly install resolved        tmp: 'tmp/gulp-cli-1.2.2.tgz_1468605495802_0.5796305062249303' },
38 silly install resolved     directories: {},
38 silly install resolved     _resolved: 'https://registry.npmjs.org/gulp-cli/-/gulp-cli-1.2.2.tgz',
38 silly install resolved     readme: 'ERROR: No README data found!' } ]
39 info install gulp-cli@1.2.2 into /usr/lib
40 info installOne gulp-cli@1.2.2
41 verbose installOne of gulp-cli to /usr/lib not in flight; installing
42 verbose correctMkdir /iut/users/feger/.npm/_locks correctMkdir not in flight; initializing
43 verbose lock using /iut/users/feger/.npm/_locks/gulp-cli-250b6426d151cee6.lock for /usr/lib/node_modules/gulp-cli
44 silly install write writing gulp-cli 1.2.2 to /usr/lib/node_modules/gulp-cli
45 verbose unbuild lib/node_modules/gulp-cli
46 silly gentlyRm /usr/lib/node_modules/gulp-cli is being purged from base /usr
47 verbose gentlyRm don't care about contents; nuking /usr/lib/node_modules/gulp-cli
48 verbose tar unpack /iut/users/feger/.npm/gulp-cli/1.2.2/package.tgz
49 verbose tar unpacking to /usr/lib/node_modules/gulp-cli
50 silly gentlyRm /usr/lib/node_modules/gulp-cli is being purged
51 verbose gentlyRm don't care about contents; nuking /usr/lib/node_modules/gulp-cli
52 silly gunzTarPerm modes [ '755', '644' ]
53 error tar.unpack untar error /iut/users/feger/.npm/gulp-cli/1.2.2/package.tgz
54 verbose unlock done using /iut/users/feger/.npm/_locks/gulp-cli-250b6426d151cee6.lock for /usr/lib/node_modules/gulp-cli
55 verbose fstream_path /usr/lib/node_modules/gulp-cli
56 verbose fstream_type Directory
57 verbose fstream_class DirWriter
58 verbose stack Error: EACCES: permission denied, mkdir '/usr/lib/node_modules/gulp-cli'
58 verbose stack     at Error (native)
59 verbose fstream_stack /usr/lib/node_modules/npm/node_modules/fstream/lib/dir-writer.js:35:25
59 verbose fstream_stack /usr/lib/node_modules/npm/node_modules/mkdirp/index.js:47:53
59 verbose fstream_stack FSReqWrap.oncomplete (fs.js:82:15)
60 verbose cwd /iut/projets/dweb02/laravel/monpetitcartable
61 error Linux 3.16.0-4-amd64
62 error argv "/usr/bin/nodejs" "/usr/bin/npm" "install" "--global" "gulp-cli"
63 error node v4.6.1
64 error npm  v2.15.9
65 error path /usr/lib/node_modules/gulp-cli
66 error code EACCES
67 error errno -13
68 error syscall mkdir
69 error Error: EACCES: permission denied, mkdir '/usr/lib/node_modules/gulp-cli'
69 error     at Error (native)
69 error  { [Error: EACCES: permission denied, mkdir '/usr/lib/node_modules/gulp-cli']
69 error   errno: -13,
69 error   code: 'EACCES',
69 error   syscall: 'mkdir',
69 error   path: '/usr/lib/node_modules/gulp-cli',
69 error   fstream_type: 'Directory',
69 error   fstream_path: '/usr/lib/node_modules/gulp-cli',
69 error   fstream_class: 'DirWriter',
69 error   fstream_stack:
69 error    [ '/usr/lib/node_modules/npm/node_modules/fstream/lib/dir-writer.js:35:25',
69 error      '/usr/lib/node_modules/npm/node_modules/mkdirp/index.js:47:53',
69 error      'FSReqWrap.oncomplete (fs.js:82:15)' ] }
70 error Please try running this command again as root/Administrator.
71 verbose exit [ -13, true ]
72 verbose unbuild lib/node_modules/gulp-cli
73 silly gentlyRm /usr/lib/node_modules/gulp-cli is being purged from base /usr
74 verbose gentlyRm don't care about contents; nuking /usr/lib/node_modules/gulp-cli
